1511926468104	geckodriver	INFO	geckodriver 0.19.0
1511926468116	geckodriver	INFO	Listening on 127.0.0.1:54797
1511926469193	mozrunner::runner	INFO	Running command: "/Applications/Firefox.app/Contents/MacOS/firefox-bin" "-marionette" "-profile" "/var/folders/nh/gk_gynz111311cn8gvmwty7r0000gn/T/rust_mozprofile.4fwgZwMPe0G8"
1511926469881	Marionette	INFO	Enabled via --marionette
2017-11-29 11:34:31.376 plugin-container[53236:2045937] *** CFMessagePort: bootstrap_register(): failed 1100 (0x44c) 'Permission denied', port = 0xa33f, name = 'com.apple.tsm.portname'
See /usr/include/servers/bootstrap_defs.h for the error codes.
2017-11-29 11:34:31.387 plugin-container[53236:2045937] *** CFMessagePort: bootstrap_register(): failed 1100 (0x44c) 'Permission denied', port = 0xa703, name = 'com.apple.CFPasteboardClient'
See /usr/include/servers/bootstrap_defs.h for the error codes.
1511926472446	Marionette	INFO	Listening on port 54806
1511926472526	Marionette	WARN	TLS certificate errors will be ignored for this session
JavaScript error: chrome://marionette/content/server.js, line 337: NS_ERROR_SOCKET_ADDRESS_IN_USE: Component returned failure code: 0x804b0036 (NS_ERROR_SOCKET_ADDRESS_IN_USE) [nsIServerSocket.initSpecialConnection]
1511926472625	Marionette	DEBUG	loaded listener.js
1511926609180	geckodriver	INFO	geckodriver 0.19.0
1511926609193	geckodriver	INFO	Listening on 127.0.0.1:54923
1511926610263	mozrunner::runner	INFO	Running command: "/Applications/Firefox.app/Contents/MacOS/firefox-bin" "-marionette" "-profile" "/var/folders/nh/gk_gynz111311cn8gvmwty7r0000gn/T/rust_mozprofile.upp5PnGj0wbi"
1511926610998	Marionette	INFO	Enabled via --marionette
2017-11-29 11:36:52.835 plugin-container[53308:2047213] *** CFMessagePort: bootstrap_register(): failed 1100 (0x44c) 'Permission denied', port = 0xa23b, name = 'com.apple.tsm.portname'
See /usr/include/servers/bootstrap_defs.h for the error codes.
2017-11-29 11:36:52.842 plugin-container[53308:2047213] *** CFMessagePort: bootstrap_register(): failed 1100 (0x44c) 'Permission denied', port = 0xa503, name = 'com.apple.CFPasteboardClient'
See /usr/include/servers/bootstrap_defs.h for the error codes.
1511926613128	Marionette	INFO	Listening on port 54932
JavaScript error: chrome://marionette/content/server.js, line 337: NS_ERROR_SOCKET_ADDRESS_IN_USE: Component returned failure code: 0x804b0036 (NS_ERROR_SOCKET_ADDRESS_IN_USE) [nsIServerSocket.initSpecialConnection]
1511926613223	Marionette	WARN	TLS certificate errors will be ignored for this session
1511926613270	Marionette	DEBUG	loaded listener.js
2017-11-29 11:37:04.799 plugin-container[53322:2047417] *** CFMessagePort: bootstrap_register(): failed 1100 (0x44c) 'Permission denied', port = 0xa23b, name = 'com.apple.tsm.portname'
See /usr/include/servers/bootstrap_defs.h for the error codes.
2017-11-29 11:37:04.800 plugin-container[53322:2047417] *** CFMessagePort: bootstrap_register(): failed 1100 (0x44c) 'Permission denied', port = 0xa503, name = 'com.apple.CFPasteboardClient'
See /usr/include/servers/bootstrap_defs.h for the error codes.
1511926643986	geckodriver	INFO	geckodriver 0.19.0
1511926643995	geckodriver	INFO	Listening on 127.0.0.1:55013
1511926645065	mozrunner::runner	INFO	Running command: "/Applications/Firefox.app/Contents/MacOS/firefox-bin" "-marionette" "-profile" "/var/folders/nh/gk_gynz111311cn8gvmwty7r0000gn/T/rust_mozprofile.LEHtShRpMrEr"
1511926645754	Marionette	INFO	Enabled via --marionette
2017-11-29 11:37:27.112 plugin-container[53338:2047860] *** CFMessagePort: bootstrap_register(): failed 1100 (0x44c) 'Permission denied', port = 0xa33f, name = 'com.apple.tsm.portname'
See /usr/include/servers/bootstrap_defs.h for the error codes.
2017-11-29 11:37:27.113 plugin-container[53338:2047860] *** CFMessagePort: bootstrap_register(): failed 1100 (0x44c) 'Permission denied', port = 0xa603, name = 'com.apple.CFPasteboardClient'
See /usr/include/servers/bootstrap_defs.h for the error codes.
1511926647992	Marionette	INFO	Listening on port 55022
1511926648025	Marionette	WARN	TLS certificate errors will be ignored for this session
JavaScript error: chrome://marionette/content/server.js, line 337: NS_ERROR_SOCKET_ADDRESS_IN_USE: Component returned failure code: 0x804b0036 (NS_ERROR_SOCKET_ADDRESS_IN_USE) [nsIServerSocket.initSpecialConnection]
1511926648092	Marionette	DEBUG	loaded listener.js
1511926648143	Marionette	DEBUG	Received DOM event "beforeunload" for "about:blank"
1511926648793	Marionette	DEBUG	Received DOM event "pagehide" for "about:blank"
1511926648794	Marionette	DEBUG	Received DOM event "unload" for "about:blank"
JavaScript error: https://ss1.bdstatic.com/5eN1bjq8AAUYm2zgoY3K/r/www/cache/static/protocol/https/plugins/every_cookie_mac_82990d4.js, line 4: ReferenceError: c is not defined
1511926649735	Marionette	DEBUG	Received DOM event "DOMContentLoaded" for "https://www.baidu.com/"
1511926649913	Marionette	DEBUG	Received DOM event "pageshow" for "https://www.baidu.com/"
JavaScript error: jar:file:///Applications/Firefox.app/Contents/Resources/browser/omni.ja!/components/nsBrowserGlue.js, line 999: TypeError: win is null
JavaScript error: jar:file:///Applications/Firefox.app/Contents/Resources/browser/omni.ja!/components/nsBrowserGlue.js, line 999: TypeError: win is null
JavaScript error: jar:file:///Applications/Firefox.app/Contents/Resources/browser/omni.ja!/components/nsBrowserGlue.js, line 999: TypeError: win is null
JavaScript error: jar:file:///Applications/Firefox.app/Contents/Resources/browser/omni.ja!/components/nsBrowserGlue.js, line 999: TypeError: win is null
JavaScript error: jar:file:///Applications/Firefox.app/Contents/Resources/browser/omni.ja!/components/nsBrowserGlue.js, line 999: TypeError: win is null
JavaScript error: jar:file:///Applications/Firefox.app/Contents/Resources/browser/omni.ja!/components/nsBrowserGlue.js, line 999: TypeError: win is null
JavaScript error: jar:file:///Applications/Firefox.app/Contents/Resources/browser/omni.ja!/components/nsBrowserGlue.js, line 999: TypeError: win is null
JavaScript error: jar:file:///Applications/Firefox.app/Contents/Resources/browser/omni.ja!/components/nsBrowserGlue.js, line 999: TypeError: win is null
JavaScript error: jar:file:///Applications/Firefox.app/Contents/Resources/browser/omni.ja!/components/nsBrowserGlue.js, line 999: TypeError: win is null
2017-11-29 12:01:38.453 plugin-container[53629:2057015] *** CFMessagePort: bootstrap_register(): failed 1100 (0x44c) 'Permission denied', port = 0xa33b, name = 'com.apple.tsm.portname'
See /usr/include/servers/bootstrap_defs.h for the error codes.
2017-11-29 12:01:38.456 plugin-container[53629:2057015] *** CFMessagePort: bootstrap_register(): failed 1100 (0x44c) 'Permission denied', port = 0xa603, name = 'com.apple.CFPasteboardClient'
See /usr/include/servers/bootstrap_defs.h for the error codes.
1511928163899	geckodriver	INFO	geckodriver 0.19.0
1511928163907	geckodriver	INFO	Listening on 127.0.0.1:55445
1511928164970	mozrunner::runner	INFO	Running command: "/Applications/Firefox.app/Contents/MacOS/firefox-bin" "-marionette" "-profile" "/var/folders/nh/gk_gynz111311cn8gvmwty7r0000gn/T/rust_mozprofile.K6wXa8fo3GKQ"
1511928165663	Marionette	INFO	Enabled via --marionette
2017-11-29 12:02:47.232 plugin-container[53685:2057846] *** CFMessagePort: bootstrap_register(): failed 1100 (0x44c) 'Permission denied', port = 0xa33b, name = 'com.apple.tsm.portname'
See /usr/include/servers/bootstrap_defs.h for the error codes.
2017-11-29 12:02:47.241 plugin-container[53685:2057846] *** CFMessagePort: bootstrap_register(): failed 1100 (0x44c) 'Permission denied', port = 0xa33f, name = 'com.apple.CFPasteboardClient'
See /usr/include/servers/bootstrap_defs.h for the error codes.
1511928167593	Marionette	INFO	Listening on port 55454
1511928167609	Marionette	WARN	TLS certificate errors will be ignored for this session
JavaScript error: chrome://marionette/content/server.js, line 337: NS_ERROR_SOCKET_ADDRESS_IN_USE: Component returned failure code: 0x804b0036 (NS_ERROR_SOCKET_ADDRESS_IN_USE) [nsIServerSocket.initSpecialConnection]
1511928167658	Marionette	DEBUG	loaded listener.js
1511928167681	Marionette	DEBUG	Received DOM event "beforeunload" for "about:blank"
1511928168241	Marionette	DEBUG	Received DOM event "pagehide" for "about:blank"
1511928168242	Marionette	DEBUG	Received DOM event "unload" for "about:blank"
JavaScript error: https://ss1.bdstatic.com/5eN1bjq8AAUYm2zgoY3K/r/www/cache/static/protocol/https/plugins/every_cookie_mac_82990d4.js, line 4: ReferenceError: c is not defined
1511928168656	Marionette	DEBUG	Received DOM event "DOMContentLoaded" for "https://www.baidu.com/"
1511928168726	Marionette	DEBUG	Received DOM event "pageshow" for "https://www.baidu.com/"
1511928169133	Marionette	INFO	New connections will no longer be accepted
